<?xml version="1.0" encoding="UTF-8"?>
<!-- Generated by org.testng.reporters.JUnitReportReporter -->
<testsuite skipped="0" hostname="LAPTOP-4LUD1QDE" name="CaseStudy.example" tests="1" failures="0" timestamp="16 Apr 2020 10:54:54 GMT" time="4.079" errors="0">
  <testcase name="openBrowser" time="4.079" classname="CaseStudy.example"/>
</testsuite> <!-- CaseStudy.example -->
